Arguments: 
  C:\Program Files\nodejs\node.exe C:\Users\a2742\AppData\Roaming\npm\node_modules\yarn\bin\yarn.js add uniqueFilename --peer

PATH: 
  D:\Program Files\Git\mingw64\bin;D:\Program Files\Git\usr\bin;C:\Users\a2742\bin;C:\Program Files\Common Files\Siemens\Automation\Simatic OAM\bin;C:\Windows\system32;C:\Windows;C:\Windows\System32\Wbem;C:\Windows\System32\WindowsPowerShell\v1.0;C:\Windows\System32\OpenSSH;C:\Program Files (x86)\NVIDIA Corporation\PhysX\Common;C:\Program Files\NVIDIA Corporation\NVIDIA NvDLISR;C:\WINDOWS\system32;C:\WINDOWS;C:\WINDOWS\System32\Wbem;C:\WINDOWS\System32\WindowsPowerShell\v1.0;C:\WINDOWS\System32\OpenSSH;D:\blog;D:\Program Files\Microsoft VS Code;D:\mingw\mingw64\bin;D:\Program Files\Git\cmd;D:\Program Files\Git\;C:\Program Files\nodejs;D:\迅雷下载\python-3.7.8-embed-amd64;C:\Program Files\Microsoft SQL Server\Client SDK\ODBC\110\Tools\Binn;C:\Program Files (x86)\Microsoft SQL Server\120\Tools\Binn;C:\Program Files\Microsoft SQL Server\120\Tools\Binn;C:\Program Files\Microsoft SQL Server\120\DTS\Binn;C:\Program Files (x86)\Windows Kits\8.1\Windows Performance Toolkit;D:\Program Files\MaTable\runtime\win64;D:\Program Files\MaTable\bin;D:\Program Files\MaTable\polyspace\bin;C:\Users\a2742\AppData\Local\Yarn\bin;C:\Users\a2742\AppData\Local\Microsoft\WindowsApps;D:\Program Files\banzip解压缩软件;C:\Users\a2742\AppData\Roaming\npm;D:\Program Files\vscode\Microsoft VS Code\bin;D:\Program Files\PyCharm Community Edition 2021.1.2\bin

Yarn version: 
  1.22.17

Node version: 
  14.16.0

Platform: 
  win32 x64

Trace: 
  Error: https://registry.npmjs.org/uniqueFilename: Not found
      at Request.params.callback [as _callback] (C:\Users\a2742\AppData\Roaming\npm\node_modules\yarn\lib\cli.js:67029:18)
      at Request.self.callback (C:\Users\a2742\AppData\Roaming\npm\node_modules\yarn\lib\cli.js:140883:22)
      at Request.emit (events.js:315:20)
      at Request.<anonymous> (C:\Users\a2742\AppData\Roaming\npm\node_modules\yarn\lib\cli.js:141855:10)
      at Request.emit (events.js:315:20)
      at IncomingMessage.<anonymous> (C:\Users\a2742\AppData\Roaming\npm\node_modules\yarn\lib\cli.js:141777:12)
      at Object.onceWrapper (events.js:421:28)
      at IncomingMessage.emit (events.js:327:22)
      at endReadableNT (internal/streams/readable.js:1327:12)
      at processTicksAndRejections (internal/process/task_queues.js:80:21)

npm manifest: 
  {
    "name": "rx-file",
    "version": "1.2.0",
    "main": "src/index.js",
    "license": "MIT",
    "author": "2742217795@qq.com",
    "description": "File tree to path",
    "dependencies": {
      "rx-file": "^1.0.0"
    },
    "keywords": [
      "util",
      "utility",
      "tree",
      "file",
      "directory",
      "print",
      "path"
    ]
  }

yarn manifest: 
  No manifest

Lockfile: 
  # THIS IS AN AUTOGENERATED FILE. DO NOT EDIT THIS FILE DIRECTLY.
  # yarn lockfile v1
  
  
  rx-file@^1.0.0:
    version "1.0.0"
    resolved "https://registry.yarnpkg.com/rx-file/-/rx-file-1.0.0.tgz#040e4519dbd823c830713792644ae7047de2409c"
    integrity sha512-10X9neCwdlHOlE9WnWq1EAhtWAgZwZ+G2O1ghIs9JEQs2f7bIpTrg+P4L77qeFMefSyikXg6qH3CqAmejrsXSQ==
